#-----------------------------------------------------------
# Vivado v2020.1 (64-bit)
# SW Build 2902540 on Wed May 27 19:54:49 MDT 2020
# IP Build 2902112 on Wed May 27 22:43:36 MDT 2020
# Start of session at: Thu Oct 15 19:41:50 2020
# Process ID: 3132
# Current directory: C:/Users/robeg/OneDrive - unb.br/UnB/3 Semestre/Aprendendo
# Command line: vivado.exe -gui_launcher_event rodinguilauncherevent1904 C:\Users\robeg\OneDrive - unb.br\UnB\3 Semestre\Aprendendo\Aprendendo.xpr
# Log file: C:/Users/robeg/OneDrive - unb.br/UnB/3 Semestre/Aprendendo/vivado.log
# Journal file: C:/Users/robeg/OneDrive - unb.br/UnB/3 Semestre/Aprendendo\vivado.jou
#-----------------------------------------------------------
start_gui
open_project {C:/Users/robeg/OneDrive - unb.br/UnB/3 Semestre/Aprendendo/Aprendendo.xpr}
Scanning sources...
Finished scanning sources
INFO: [IP_Flow 19-234] Refreshing IP repositories
INFO: [IP_Flow 19-1704] No user IP repositories specified
INFO: [IP_Flow 19-2313] Loaded Vivado IP repository 'C:/Xinlinx/Vivado/2020.1/data/ip'.
open_project: Time (s): cpu = 00:00:30 ; elapsed = 00:00:33 . Memory (MB): peak = 1001.797 ; gain = 0.000
update_compile_order -fileset sources_1
exit
INFO: [Common 17-206] Exiting Vivado at Thu Oct 15 22:38:10 2020...
