#-----------------------------------------------------------
# Vivado v2020.1 (64-bit)
# SW Build 2902540 on Wed May 27 19:54:49 MDT 2020
# IP Build 2902112 on Wed May 27 22:43:36 MDT 2020
# Start of session at: Thu Nov 19 18:25:50 2020
# Process ID: 8548
# Current directory: C:/Users/robeg/OneDrive - unb.br/UnB/3 Semestre/trabalho_8
# Command line: vivado.exe -gui_launcher_event rodinguilauncherevent2664 C:\Users\robeg\OneDrive - unb.br\UnB\3 Semestre\trabalho_8\trabalho_8.xpr
# Log file: C:/Users/robeg/OneDrive - unb.br/UnB/3 Semestre/trabalho_8/vivado.log
# Journal file: C:/Users/robeg/OneDrive - unb.br/UnB/3 Semestre/trabalho_8\vivado.jou
#-----------------------------------------------------------
start_gui
open_project {C:/Users/robeg/OneDrive - unb.br/UnB/3 Semestre/trabalho_8/trabalho_8.xpr}
Scanning sources...
Finished scanning sources
INFO: [IP_Flow 19-234] Refreshing IP repositories
INFO: [IP_Flow 19-1704] No user IP repositories specified
INFO: [IP_Flow 19-2313] Loaded Vivado IP repository 'C:/Xinlinx/Vivado/2020.1/data/ip'.
open_project: Time (s): cpu = 00:00:40 ; elapsed = 00:01:54 . Memory (MB): peak = 938.516 ; gain = 0.000
update_compile_order -fileset sources_1
exit
INFO: [Common 17-206] Exiting Vivado at Thu Nov 19 18:40:59 2020...
