Vivado Simulator 2020.1
Copyright 1986-1999, 2001-2020 Xilinx, Inc. All Rights Reserved.
Running: C:/Xinlinx/Vivado/2020.1/bin/unwrapped/win64.o/xelab.exe -wto 6cd772c563e84198867c04363727ef0c --incr --debug typical --relax --mt 2 -L xil_defaultlib -L secureip --snapshot calculadora_behav xil_defaultlib.calculadora -log elaborate.log 
Using 2 slave threads.
Starting static elaboration
Completed static elaboration
Starting simulation data flow analysis
Completed simulation data flow analysis
Time Resolution for simulation is 1ps
Compiling package std.standard
Compiling package std.textio
Compiling package ieee.std_logic_1164
Compiling architecture behavioral of entity xil_defaultlib.somador1bit [somador1bit_default]
Compiling architecture behavioral of entity xil_defaultlib.somador4bit [somador4bit_default]
Compiling architecture behavioral of entity xil_defaultlib.sumOrSub [sumorsub_default]
Compiling architecture behavioral of entity xil_defaultlib.transformador [transformador_default]
Compiling architecture behavioral of entity xil_defaultlib.OverFlow [overflow_default]
Compiling architecture behavioral of entity xil_defaultlib.decodificadorBCD [decodificadorbcd_default]
Compiling architecture behavioral of entity xil_defaultlib.clock [clock_default]
Compiling architecture behavioral of entity xil_defaultlib.calculadora
Built simulation snapshot calculadora_behav
