#-----------------------------------------------------------
# Vivado v2020.1 (64-bit)
# SW Build 2902540 on Wed May 27 19:54:49 MDT 2020
# IP Build 2902112 on Wed May 27 22:43:36 MDT 2020
# Start of session at: Mon Nov 16 11:26:54 2020
# Process ID: 10860
# Current directory: C:/Users/robeg/OneDrive - unb.br/UnB/3 Semestre/trabalho_6
# Command line: vivado.exe -gui_launcher_event rodinguilauncherevent4004 C:\Users\robeg\OneDrive - unb.br\UnB\3 Semestre\trabalho_6\trabalho_6.xpr
# Log file: C:/Users/robeg/OneDrive - unb.br/UnB/3 Semestre/trabalho_6/vivado.log
# Journal file: C:/Users/robeg/OneDrive - unb.br/UnB/3 Semestre/trabalho_6\vivado.jou
#-----------------------------------------------------------
get_param: Time (s): cpu = 00:00:02 ; elapsed = 00:00:12 . Memory (MB): peak = 978.777 ; gain = 0.000
start_gui
open_project {C:/Users/robeg/OneDrive - unb.br/UnB/3 Semestre/trabalho_6/trabalho_6.xpr}
Scanning sources...
Finished scanning sources
INFO: [IP_Flow 19-234] Refreshing IP repositories
INFO: [IP_Flow 19-1704] No user IP repositories specified
INFO: [IP_Flow 19-2313] Loaded Vivado IP repository 'C:/Xinlinx/Vivado/2020.1/data/ip'.
open_project: Time (s): cpu = 00:00:26 ; elapsed = 00:01:21 . Memory (MB): peak = 978.777 ; gain = 0.000
update_compile_order -fileset sources_1
launch_runs impl_1 -to_step write_bitstream -jobs 2
[Mon Nov 16 11:50:30 2020] Launched synth_1...
Run output will be captured here: C:/Users/robeg/OneDrive - unb.br/UnB/3 Semestre/trabalho_6/trabalho_6.runs/synth_1/runme.log
[Mon Nov 16 11:50:31 2020] Launched impl_1...
Run output will be captured here: C:/Users/robeg/OneDrive - unb.br/UnB/3 Semestre/trabalho_6/trabalho_6.runs/impl_1/runme.log
launch_runs: Time (s): cpu = 00:00:05 ; elapsed = 00:00:08 . Memory (MB): peak = 978.777 ; gain = 0.000
close [ open {C:/Users/robeg/OneDrive - unb.br/UnB/3 Semestre/trabalho_6/trabalho_6.srcs/sources_1/new/clock.vhd} w ]
add_files {{C:/Users/robeg/OneDrive - unb.br/UnB/3 Semestre/trabalho_6/trabalho_6.srcs/sources_1/new/clock.vhd}}
update_compile_order -fileset sources_1
close [ open {C:/Users/robeg/OneDrive - unb.br/UnB/3 Semestre/trabalho_6/trabalho_6.srcs/sources_1/new/somador4bit.vhd} w ]
add_files {{C:/Users/robeg/OneDrive - unb.br/UnB/3 Semestre/trabalho_6/trabalho_6.srcs/sources_1/new/somador4bit.vhd}}
update_compile_order -fileset sources_1
close [ open {C:/Users/robeg/OneDrive - unb.br/UnB/3 Semestre/trabalho_6/trabalho_6.srcs/sources_1/new/somador1bit.vhd} w ]
add_files {{C:/Users/robeg/OneDrive - unb.br/UnB/3 Semestre/trabalho_6/trabalho_6.srcs/sources_1/new/somador1bit.vhd}}
update_compile_order -fileset sources_1
close_project
close_project: Time (s): cpu = 00:00:02 ; elapsed = 00:00:06 . Memory (MB): peak = 978.777 ; gain = 0.000
create_project trabalho_8 {C:/Users/robeg/OneDrive - unb.br/UnB/3 Semestre/trabalho_8} -part xc7a35tcpg236-1
INFO: [IP_Flow 19-234] Refreshing IP repositories
INFO: [IP_Flow 19-1704] No user IP repositories specified
INFO: [IP_Flow 19-2313] Loaded Vivado IP repository 'C:/Xinlinx/Vivado/2020.1/data/ip'.
create_project: Time (s): cpu = 00:00:10 ; elapsed = 00:00:13 . Memory (MB): peak = 978.777 ; gain = 0.000
file mkdir C:/Users/robeg/OneDrive - unb.br/UnB/3 Semestre/trabalho_8/trabalho_8.srcs/sources_1/new
set_property target_language VHDL [current_project]
file mkdir C:/Users/robeg/OneDrive - unb.br/UnB/3 Semestre/trabalho_8/trabalho_8.srcs/sources_1/new
add_files -norecurse {{C:/Users/robeg/OneDrive - unb.br/UnB/3 Semestre/trabalho_6/trabalho_6.srcs/sources_1/new/displayMux.vhd} {C:/Users/robeg/OneDrive - unb.br/UnB/3 Semestre/trabalho_6/trabalho_6.srcs/sources_1/new/mux2.vhd} {C:/Users/robeg/OneDrive - unb.br/UnB/3 Semestre/trabalho_6/trabalho_6.srcs/sources_1/new/decodificadorBCD.vhd} {C:/Users/robeg/OneDrive - unb.br/UnB/3 Semestre/trabalho_6/trabalho_6.srcs/sources_1/new/somador1bit.vhd} {C:/Users/robeg/OneDrive - unb.br/UnB/3 Semestre/trabalho_6/trabalho_6.srcs/sources_1/new/clock.vhd} {C:/Users/robeg/OneDrive - unb.br/UnB/3 Semestre/trabalho_6/trabalho_6.srcs/sources_1/new/somador4bit.vhd}}
file mkdir C:/Users/robeg/OneDrive - unb.br/UnB/3 Semestre/trabalho_8/trabalho_8.srcs/sources_1/new
file mkdir {C:/Users/robeg/OneDrive - unb.br/UnB/3 Semestre/trabalho_8/trabalho_8.srcs/sources_1/new}
close [ open {C:/Users/robeg/OneDrive - unb.br/UnB/3 Semestre/trabalho_8/trabalho_8.srcs/sources_1/new/calculadora.vhd} w ]
add_files {{C:/Users/robeg/OneDrive - unb.br/UnB/3 Semestre/trabalho_8/trabalho_8.srcs/sources_1/new/calculadora.vhd}}
import_files -fileset constrs_1 -force -norecurse {{C:/Users/robeg/OneDrive - unb.br/UnB/3° Semestre/Basys3_Master.xdc}}
update_compile_order -fileset sources_1
update_compile_order -fileset sources_1
set_property top calculadora [current_fileset]
update_compile_order -fileset sources_1
close [ open {C:/Users/robeg/OneDrive - unb.br/UnB/3 Semestre/trabalho_8/trabalho_8.srcs/sources_1/new/transformador.vhd} w ]
add_files {{C:/Users/robeg/OneDrive - unb.br/UnB/3 Semestre/trabalho_8/trabalho_8.srcs/sources_1/new/transformador.vhd}}
update_compile_order -fileset sources_1
close [ open {C:/Users/robeg/OneDrive - unb.br/UnB/3 Semestre/trabalho_8/trabalho_8.srcs/sources_1/new/OverFlow.vhd} w ]
add_files {{C:/Users/robeg/OneDrive - unb.br/UnB/3 Semestre/trabalho_8/trabalho_8.srcs/sources_1/new/OverFlow.vhd}}
update_compile_order -fileset sources_1
launch_runs impl_1 -to_step write_bitstream -jobs 2
[Mon Nov 16 16:02:54 2020] Launched synth_1...
Run output will be captured here: C:/Users/robeg/OneDrive - unb.br/UnB/3 Semestre/trabalho_8/trabalho_8.runs/synth_1/runme.log
[Mon Nov 16 16:02:55 2020] Launched impl_1...
Run output will be captured here: C:/Users/robeg/OneDrive - unb.br/UnB/3 Semestre/trabalho_8/trabalho_8.runs/impl_1/runme.log
launch_runs: Time (s): cpu = 00:00:02 ; elapsed = 00:00:15 . Memory (MB): peak = 978.777 ; gain = 0.000
launch_simulation
Command: launch_simulation 
INFO: [Vivado 12-5682] Launching behavioral simulation in 'C:/Users/robeg/OneDrive - unb.br/UnB/3 Semestre/trabalho_8/trabalho_8.sim/sim_1/behav/xsim'
INFO: [SIM-utils-51] Simulation object is 'sim_1'
INFO: [SIM-utils-54] Inspecting design source files for 'calculadora' in fileset 'sim_1'...
INFO: [USF-XSim-97] Finding global include files...
INFO: [USF-XSim-98] Fetching design files from 'sim_1'...
INFO: [USF-XSim-2] XSim::Compile design
INFO: [USF-XSim-61] Executing 'COMPILE and ANALYZE' step in 'C:/Users/robeg/OneDrive - unb.br/UnB/3 Semestre/trabalho_8/trabalho_8.sim/sim_1/behav/xsim'
"xvhdl --incr --relax -prj calculadora_vhdl.prj"
INFO: [VRFC 10-163] Analyzing VHDL file "C:/Users/robeg/OneDrive - unb.br/UnB/3 Semestre/trabalho_8/trabalho_8.srcs/sources_1/new/OverFlow.vhd" into library xil_defaultlib
INFO: [VRFC 10-3107] analyzing entity 'OverFlow'
INFO: [VRFC 10-163] Analyzing VHDL file "C:/Users/robeg/OneDrive - unb.br/UnB/3 Semestre/trabalho_6/trabalho_6.srcs/sources_1/new/clock.vhd" into library xil_defaultlib
INFO: [VRFC 10-3107] analyzing entity 'clock'
INFO: [VRFC 10-163] Analyzing VHDL file "C:/Users/robeg/OneDrive - unb.br/UnB/3 Semestre/trabalho_6/trabalho_6.srcs/sources_1/new/decodificadorBCD.vhd" into library xil_defaultlib
INFO: [VRFC 10-3107] analyzing entity 'decodificadorBCD'
INFO: [VRFC 10-163] Analyzing VHDL file "C:/Users/robeg/OneDrive - unb.br/UnB/3 Semestre/trabalho_6/trabalho_6.srcs/sources_1/new/somador1bit.vhd" into library xil_defaultlib
INFO: [VRFC 10-3107] analyzing entity 'somador1bit'
INFO: [VRFC 10-163] Analyzing VHDL file "C:/Users/robeg/OneDrive - unb.br/UnB/3 Semestre/trabalho_6/trabalho_6.srcs/sources_1/new/somador4bit.vhd" into library xil_defaultlib
INFO: [VRFC 10-3107] analyzing entity 'somador4bit'
INFO: [VRFC 10-163] Analyzing VHDL file "C:/Users/robeg/OneDrive - unb.br/UnB/3 Semestre/trabalho_8/trabalho_8.srcs/sources_1/new/transformador.vhd" into library xil_defaultlib
INFO: [VRFC 10-3107] analyzing entity 'transformador'
INFO: [VRFC 10-163] Analyzing VHDL file "C:/Users/robeg/OneDrive - unb.br/UnB/3 Semestre/trabalho_8/trabalho_8.srcs/sources_1/new/calculadora.vhd" into library xil_defaultlib
INFO: [VRFC 10-3107] analyzing entity 'calculadora'
run_program: Time (s): cpu = 00:00:05 ; elapsed = 00:02:15 . Memory (MB): peak = 978.777 ; gain = 0.000
INFO: [USF-XSim-69] 'compile' step finished in '135' seconds
INFO: [USF-XSim-3] XSim::Elaborate design
INFO: [USF-XSim-61] Executing 'ELABORATE' step in 'C:/Users/robeg/OneDrive - unb.br/UnB/3 Semestre/trabalho_8/trabalho_8.sim/sim_1/behav/xsim'
"xelab -wto 6cd772c563e84198867c04363727ef0c --incr --debug typical --relax --mt 2 -L xil_defaultlib -L secureip --snapshot calculadora_behav xil_defaultlib.calculadora -log elaborate.log"
INFO: [Common 17-41] Interrupt caught. Command should exit soon.
run_program: Time (s): cpu = 00:00:00 ; elapsed = 00:00:28 . Memory (MB): peak = 978.777 ; gain = 0.000
INFO: [Common 17-344] 'run_program' was cancelled
INFO: [Vivado 12-5357] 'elaborate' step aborted
launch_simulation: Time (s): cpu = 00:00:09 ; elapsed = 00:03:49 . Memory (MB): peak = 978.777 ; gain = 0.000
INFO: [Common 17-344] 'launch_simulation' was cancelled
reset_run impl_1 -prev_step 
reset_runs: Time (s): cpu = 00:00:02 ; elapsed = 00:00:18 . Memory (MB): peak = 978.777 ; gain = 0.000
exit
INFO: [Common 17-206] Exiting Vivado at Mon Nov 16 16:20:42 2020...
