#-----------------------------------------------------------
# Vivado v2020.1 (64-bit)
# SW Build 2902540 on Wed May 27 19:54:49 MDT 2020
# IP Build 2902112 on Wed May 27 22:43:36 MDT 2020
# Start of session at: Wed Oct 14 18:42:40 2020
# Process ID: 14504
# Current directory: C:/Users/Livia/Desktop/unb/PED/somador1bit
# Command line: vivado.exe -gui_launcher_event rodinguilauncherevent16624 C:\Users\Livia\Desktop\unb\PED\somador1bit\somador1bit.xpr
# Log file: C:/Users/Livia/Desktop/unb/PED/somador1bit/vivado.log
# Journal file: C:/Users/Livia/Desktop/unb/PED/somador1bit\vivado.jou
#-----------------------------------------------------------
start_gui
open_project C:/Users/Livia/Desktop/unb/PED/somador1bit/somador1bit.xpr
Scanning sources...
Finished scanning sources
INFO: [IP_Flow 19-234] Refreshing IP repositories
INFO: [IP_Flow 19-1704] No user IP repositories specified
INFO: [IP_Flow 19-2313] Loaded Vivado IP repository 'C:/Xilinx/Vivado/2020.1/data/ip'.
open_project: Time (s): cpu = 00:00:20 ; elapsed = 00:00:13 . Memory (MB): peak = 1212.895 ; gain = 0.000
update_compile_order -fileset sources_1
exit
INFO: [Common 17-206] Exiting Vivado at Wed Oct 14 18:45:06 2020...
